#
# There is insufficient memory for the Java Runtime Environment to continue.
# Native memory allocation (mmap) failed to map 127926272 bytes. Error detail: G1 virtual space
# Possible reasons:
#   The system is out of physical RAM or swap space
#   This process is running with CompressedOops enabled, and the Java Heap may be blocking the growth of the native heap
# Possible solutions:
#   Reduce memory load on the system
#   Increase physical memory or swap space
#   Check if swap backing store is full
#   Decrease Java heap size (-Xmx/-Xms)
#   Decrease number of Java threads
#   Decrease Java thread stack sizes (-Xss)
#   Set larger code cache with -XX:ReservedCodeCacheSize=
#   JVM is running with Unscaled Compressed Oops mode in which the Java heap is
#     placed in the first 4GB address space. The Java Heap base address is the
#     maximum limit for the native heap growth. Please use -XX:HeapBaseMinAddress
#     to set the Java Heap base and to place the Java Heap above 4GB virtual address.
# This output file may be truncated or incomplete.
#
#  Out of Memory Error (os_windows.cpp:3686), pid=35236, tid=6224
#
# JRE version:  (21.0.6+7) (build )
# Java VM: OpenJDK 64-Bit Server VM (21.0.6+7-LTS, mixed mode, sharing, tiered, compressed oops, compressed class ptrs, g1 gc, windows-amd64)
# No core dump will be written. Minidumps are not enabled by default on client versions of Windows
#

---------------  S U M M A R Y ------------

Command Line: -XX:+ShowCodeDetailsInExceptionMessages Cafe

Host: Intel(R) Core(TM) i5-1035G1 CPU @ 1.00GHz, 8 cores, 7G,  Windows 10 , 64 bit Build 19041 (10.0.19041.5438)
Time: Thu Apr  3 11:48:13 2025 Eastern Daylight Time elapsed time: 0.015499 seconds (0d 0h 0m 0s)

---------------  T H R E A D  ---------------

Current thread (0x000002a102f41330):  JavaThread "Unknown thread" [_thread_in_vm, id=6224, stack(0x000000f531c00000,0x000000f531d00000) (1024K)]

Stack: [0x000000f531c00000,0x000000f531d00000]
Native frames: (J=compiled Java code, j=interpreted, Vv=VM code, C=native code)
V  [jvm.dll+0x6cdee9]
V  [jvm.dll+0x8a83d1]
V  [jvm.dll+0x8aa8fe]
V  [jvm.dll+0x8aafe3]
V  [jvm.dll+0x27f706]
V  [jvm.dll+0x6ca755]
V  [jvm.dll+0x6bea3a]
V  [jvm.dll+0x355d6a]
V  [jvm.dll+0x35d936]
V  [jvm.dll+0x3af58e]
V  [jvm.dll+0x3af838]
V  [jvm.dll+0x329efc]
V  [jvm.dll+0x32aa5b]
V  [jvm.dll+0x871639]
V  [jvm.dll+0x3bc361]
V  [jvm.dll+0x85a763]
V  [jvm.dll+0x45066e]
V  [jvm.dll+0x4522b1]
C  [jli.dll+0x5278]
C  [ucrtbase.dll+0x21bb2]
C  [KERNEL32.DLL+0x17374]
C  [ntdll.dll+0x4cc91]


---------------  P R O C E S S  ---------------

Threads class SMR info:
_java_thread_list=0x00007ffaf3afa0c8, length=0, elements={
}

Java Threads: ( => current thread )
Total: 0

Other Threads:
  0x000002a105200790 WorkerThread "GC Thread#0"                     [id=12084, stack(0x000000f531d00000,0x000000f531e00000) (1024K)]
  0x000002a105210c60 ConcurrentGCThread "G1 Main Marker"            [id=21480, stack(0x000000f531e00000,0x000000f531f00000) (1024K)]
  0x000002a105211f00 WorkerThread "G1 Conc#0"                       [id=27580, stack(0x000000f531f00000,0x000000f532000000) (1024K)]

[error occurred during error reporting (printing all threads), id 0xc0000005, EXCEPTION_ACCESS_VIOLATION (0xc0000005) at pc=0x00007ffaf31fc827]
VM state: not at safepoint (not fully initialized)

VM Mutex/Monitor currently owned by a thread:  ([mutex/lock_event])
[0x00007ffaf3b6e480] Heap_lock - owner thread: 0x000002a102f41330

Heap address: 0x0000000086600000, size: 1946 MB, Compressed Oops mode: 32-bit

CDS archive(s) mapped at: [0x0000000000000000-0x0000000000000000-0x0000000000000000), size 0, SharedBaseAddress: 0x0000000800000000, ArchiveRelocationMode: 1.
Narrow klass base: 0x0000000000000000, Narrow klass shift: 0, Narrow klass range: 0x0

GC Precious Log:
 CardTable entry size: 512
 Card Set container configuration: InlinePtr #cards 5 size 8 Array Of Cards #cards 12 size 40 Howl #buckets 4 coarsen threshold 1843 Howl Bitmap #cards 512 size 80 coarsen threshold 460 Card regions per heap region 1 cards per card region 2048

Heap:
 garbage-first heap   total 0K, used 0K [0x0000000086600000, 0x0000000100000000)
  region size 1024K, 0 young (0K), 0 survivors (0K)

[error occurred during error reporting (printing heap information), id 0xc0000005, EXCEPTION_ACCESS_VIOLATION (0xc0000005) at pc=0x00007ffaf35e79b9]
GC Heap History (0 events):
No events

Dll operation events (1 events):
Event: 0.009 Loaded shared library C:\Program Files\Eclipse Adoptium\jdk-21.0.6.7-hotspot\bin\java.dll

Deoptimization events (0 events):
No events

Classes loaded (0 events):
No events

Classes unloaded (0 events):
No events

Classes redefined (0 events):
No events

Internal exceptions (0 events):
No events

ZGC Phase Switch (0 events):
No events

VM Operations (0 events):
No events

Memory protections (0 events):
No events

Nmethod flushes (0 events):
No events

Events (0 events):
No events


Dynamic libraries:
0x00007ff6fcbd0000 - 0x00007ff6fcbde000 	C:\Program Files\Eclipse Adoptium\jdk-21.0.6.7-hotspot\bin\java.exe
0x00007ffb8d030000 - 0x00007ffb8d228000 	C:\WINDOWS\SYSTEM32\ntdll.dll
0x00007ffb8b250000 - 0x00007ffb8b312000 	C:\WINDOWS\System32\KERNEL32.DLL
0x00007ffb8a8d0000 - 0x00007ffb8abcf000 	C:\WINDOWS\System32\KERNELBASE.dll
0x00007ffb8a6d0000 - 0x00007ffb8a7d0000 	C:\WINDOWS\System32\ucrtbase.dll
0x00007ffb81a80000 - 0x00007ffb81a98000 	C:\Program Files\Eclipse Adoptium\jdk-21.0.6.7-hotspot\bin\jli.dll
0x00007ffb6fd00000 - 0x00007ffb6fd1e000 	C:\Program Files\Eclipse Adoptium\jdk-21.0.6.7-hotspot\bin\VCRUNTIME140.dll
0x00007ffb8b0b0000 - 0x00007ffb8b24d000 	C:\WINDOWS\System32\USER32.dll
0x00007ffb6e150000 - 0x00007ffb6e3ea000 	C:\WINDOWS\WinSxS\amd64_microsoft.windows.common-controls_6595b64144ccf1df_6.0.19041.4355_none_60b8b9eb71f62e16\COMCTL32.dll
0x00007ffb8ada0000 - 0x00007ffb8adc2000 	C:\WINDOWS\System32\win32u.dll
0x00007ffb8c420000 - 0x00007ffb8c4be000 	C:\WINDOWS\System32\msvcrt.dll
0x00007ffb8b900000 - 0x00007ffb8b92b000 	C:\WINDOWS\System32\GDI32.dll
0x00007ffb8af00000 - 0x00007ffb8b01a000 	C:\WINDOWS\System32\gdi32full.dll
0x00007ffb8ae60000 - 0x00007ffb8aefd000 	C:\WINDOWS\System32\msvcp_win.dll
0x00007ffb8b750000 - 0x00007ffb8b77f000 	C:\WINDOWS\System32\IMM32.DLL
0x00007ffb84350000 - 0x00007ffb8435c000 	C:\Program Files\Eclipse Adoptium\jdk-21.0.6.7-hotspot\bin\vcruntime140_1.dll
0x00007ffb5b220000 - 0x00007ffb5b2ad000 	C:\Program Files\Eclipse Adoptium\jdk-21.0.6.7-hotspot\bin\msvcp140.dll
0x00007ffaf2ec0000 - 0x00007ffaf3c50000 	C:\Program Files\Eclipse Adoptium\jdk-21.0.6.7-hotspot\bin\server\jvm.dll
0x00007ffb8cf40000 - 0x00007ffb8cfef000 	C:\WINDOWS\System32\ADVAPI32.dll
0x00007ffb8c300000 - 0x00007ffb8c39f000 	C:\WINDOWS\System32\sechost.dll
0x00007ffb8c4c0000 - 0x00007ffb8c5e3000 	C:\WINDOWS\System32\RPCRT4.dll
0x00007ffb8b020000 - 0x00007ffb8b047000 	C:\WINDOWS\System32\bcrypt.dll
0x00007ffb8c3b0000 - 0x00007ffb8c41b000 	C:\WINDOWS\System32\WS2_32.dll
0x00007ffb8a410000 - 0x00007ffb8a45b000 	C:\WINDOWS\SYSTEM32\POWRPROF.dll
0x00007ffb876f0000 - 0x00007ffb876fa000 	C:\WINDOWS\SYSTEM32\VERSION.dll
0x00007ffb6c0e0000 - 0x00007ffb6c107000 	C:\WINDOWS\SYSTEM32\WINMM.dll
0x00007ffb8a3f0000 - 0x00007ffb8a402000 	C:\WINDOWS\SYSTEM32\UMPDC.dll
0x00007ffb88eb0000 - 0x00007ffb88ec2000 	C:\WINDOWS\SYSTEM32\kernel.appcore.dll
0x00007ffb840f0000 - 0x00007ffb840fa000 	C:\Program Files\Eclipse Adoptium\jdk-21.0.6.7-hotspot\bin\jimage.dll
0x00007ffb88370000 - 0x00007ffb88554000 	C:\WINDOWS\SYSTEM32\DBGHELP.DLL
0x00007ffb81d60000 - 0x00007ffb81d94000 	C:\WINDOWS\SYSTEM32\dbgcore.DLL
0x00007ffb8add0000 - 0x00007ffb8ae52000 	C:\WINDOWS\System32\bcryptPrimitives.dll
0x00007ffb6db70000 - 0x00007ffb6db8f000 	C:\Program Files\Eclipse Adoptium\jdk-21.0.6.7-hotspot\bin\java.dll

dbghelp: loaded successfully - version: 4.0.5 - missing functions: none
symbol engine: initialized successfully - sym options: 0x614 - pdb path: .;C:\Program Files\Eclipse Adoptium\jdk-21.0.6.7-hotspot\bin;C:\WINDOWS\SYSTEM32;C:\WINDOWS\WinSxS\amd64_microsoft.windows.common-controls_6595b64144ccf1df_6.0.19041.4355_none_60b8b9eb71f62e16;C:\Program Files\Eclipse Adoptium\jdk-21.0.6.7-hotspot\bin\server

VM Arguments:
jvm_args: -XX:+ShowCodeDetailsInExceptionMessages 
java_command: Cafe
java_class_path (initial): C:\Users\meron\AppData\Roaming\Code\User\workspaceStorage\10a50e3ae7bd48781cd16a32c00bed32\redhat.java\jdt_ws\CSC120-A8_3351aa25\bin
Launcher Type: SUN_STANDARD

[Global flags]
     intx CICompilerCount                          = 4                                         {product} {ergonomic}
     uint ConcGCThreads                            = 2                                         {product} {ergonomic}
     uint G1ConcRefinementThreads                  = 8                                         {product} {ergonomic}
   size_t G1HeapRegionSize                         = 1048576                                   {product} {ergonomic}
    uintx GCDrainStackTargetSize                   = 64                                        {product} {ergonomic}
   size_t InitialHeapSize                          = 127926272                                 {product} {ergonomic}
   size_t MarkStackSize                            = 4194304                                   {product} {ergonomic}
   size_t MaxHeapSize                              = 2040528896                                {product} {ergonomic}
   size_t MinHeapDeltaBytes                        = 1048576                                   {product} {ergonomic}
   size_t MinHeapSize                              = 8388608                                   {product} {ergonomic}
    uintx NonNMethodCodeHeapSize                   = 5839372                                {pd product} {ergonomic}
    uintx NonProfiledCodeHeapSize                  = 122909434                              {pd product} {ergonomic}
    uintx ProfiledCodeHeapSize                     = 122909434                              {pd product} {ergonomic}
    uintx ReservedCodeCacheSize                    = 251658240                              {pd product} {ergonomic}
     bool SegmentedCodeCache                       = true                                      {product} {ergonomic}
     bool ShowCodeDetailsInExceptionMessages       = true                                   {manageable} {command line}
   size_t SoftMaxHeapSize                          = 2040528896                             {manageable} {ergonomic}
     bool UseCompressedOops                        = true                           {product lp64_product} {ergonomic}
     bool UseG1GC                                  = true                                      {product} {ergonomic}
     bool UseLargePagesIndividualAllocation        = false                                  {pd product} {ergonomic}

Logging:
Log output configuration:
 #0: stdout all=warning uptime,level,tags foldmultilines=false
 #1: stderr all=off uptime,level,tags foldmultilines=false

Environment Variables:
PATH=C:\Program Files\Eclipse Adoptium\jdk-21.0.6.7-hotspot\bin;C:\Program Files\Common Files\Oracle\Java\javapath;C:\WINDOWS\system32;C:\WINDOWS;C:\WINDOWS\System32\Wbem;C:\WINDOWS\System32\WindowsPowerShell\v1.0\;C:\WINDOWS\System32\OpenSSH\;C:\Program Files\dotnet\;C:\Program Files\Wolfram Research\WolframScript\;C:\Program Files\Git\cmd;C:\Users\meron\AppData\Local\Programs\Python\Python312\Scripts\;C:\Users\meron\AppData\Local\Programs\Python\Python312\;C:\Users\meron\AppData\Local\Programs\Python\Launcher\;C:\Users\meron\AppData\Local\Microsoft\WindowsApps;C:\Users\meron\AppData\Local\atom\bin;C:\Users\meron\AppData\Local\Programs\Microsoft VS Code\bin;C:\ProgramData\meron\GitHubDesktop\bin;C:\Users\meron\.dotnet\tools;C:\Users\meron\AppData\Roaming\TinyTeX\bin\windows
USERNAME=meron
LANG=en_US.UTF-8
OS=Windows_NT
PROCESSOR_IDENTIFIER=Intel64 Family 6 Model 126 Stepping 5, GenuineIntel
TMP=C:\Users\meron\AppData\Local\Temp
TEMP=C:\Users\meron\AppData\Local\Temp




Periodic native trim disabled

---------------  S Y S T E M  ---------------

OS:
 Windows 10 , 64 bit Build 19041 (10.0.19041.5438)
OS uptime: 19 days 4:11 hours
Hyper-V role detected

CPU: total 8 (initial active 8) (4 cores per cpu, 2 threads per core) family 6 model 126 stepping 5 microcode 0xbc, cx8, cmov, fxsr, ht, mmx, 3dnowpref, sse, sse2, sse3, ssse3, sse4.1, sse4.2, popcnt, lzcnt, tsc, tscinvbit, avx, avx2, aes, erms, clmul, bmi1, bmi2, adx, avx512f, avx512dq, avx512cd, avx512bw, avx512vl, sha, fma, vzeroupper, avx512_vpopcntdq, avx512_vpclmulqdq, avx512_vaes, avx512_vnni, clflush, clflushopt, avx512_vbmi2, avx512_vbmi, hv, rdtscp, rdpid, fsrm, gfni, avx512_bitalg, f16c, avx512_ifma
Processor Information for the first 8 processors :
  Max Mhz: 1190, Current Mhz: 991, Mhz Limit: 987

Memory: 4k page, system-wide physical 7778M (199M free)
TotalPageFile size 31330M (AvailPageFile size 13M)
current process WorkingSet (physical memory assigned to process): 10M, peak: 10M
current process commit charge ("private bytes"): 60M, peak: 182M

vm_info: OpenJDK 64-Bit Server VM (21.0.6+7-LTS) for windows-amd64 JRE (21.0.6+7-LTS), built on 2025-01-21T00:00:00Z by "admin" with MS VC++ 17.7 (VS2022)

END.
